10 10 10 10 10
10 13 12 12 13
10 14 12 13 14
10 31 17 14 31
10 31 18 14 20
10 31 18 16 18
7 31 16 14 7
7 31 17 16 21
7 31 16 14 10
3 31 15 14 10
3 31 14 13 10
3 31 14 14 10
3 31 15 14 10
3 31 15 14 10
3 31 16 15 10
3 31 16 16 10
3 31 16 15 10
3 31 15 14 11
3 31 15 14 3
3 31 15 14 3
3 31 14 13 8
3 31 14 12 11
3 31 14 12 11
3 31 14 12 11
3 31 14 13 11
3 31 14 12 11
0 31 14 12 11
0 31 14 12 11
0 31 14 13 11
0 31 14 13 11
0 31 14 13 11
0 31 14 12 11
0 31 14 13 11
0 31 14 13 11
0 31 14 13 11
0 31 14 13 11
0 31 14 13 11
0 31 14 13 11
0 31 14 13 11
0 31 14 12 11
0 31 13 12 11
0 31 13 12 11
0 31 14 12 11
0 31 14 12 11
0 31 13 12 11
0 31 13 12 11
0 31 13 11 3
0 31 13 12 3
0 31 13 12 3
0 31 13 12 3
0 31 13 13 3
0 31 14 13 3
0 31 14 13 3
0 31 14 13 3
0 31 14 13 3
0 31 14 12 7
0 31 14 13 7
0 31 14 12 11
0 31 13 12 11
0 31 14 12 11
0 31 13 12 11
0 31 13 12 11
0 31 13 13 11
0 31 14 13 11
0 31 14 13 11
0 31 14 13 11
0 31 14 13 11
0 31 14 13 16
0 31 14 13 16
0 31 14 14 16
0 31 14 13 16
0 31 14 14 16
0 31 14 14 16
0 31 15 14 16
0 31 15 14 16
0 31 14 14 16
0 31 14 13 16
0 31 14 14 16
0 31 14 13 16
0 31 14 13 16
0 31 14 13 16
0 31 14 13 28
0 31 15 13 28
0 31 15 13 28
0 31 14 13 6
0 31 14 13 6
0 31 14 13 6
0 31 14 12 6
0 31 14 12 6
0 31 14 12 6
0 31 14 12 6
0 31 14 12 6
0 31 14 12 6
0 31 14 12 6
0 31 14 12 6
0 31 14 12 6
0 31 14 12 6
0 31 14 12 6
0 31 14 13 6
0 31 14 13 6
