19
20
15
30
14
24
26
7
28
21
17
33
31
31
27
30
33
19
20
19
18
10
29
21
26
22
35
23
26
22
21
21
29
22
33
23
25
23
19
13
27
16
24
24
24
16
18
26
10
20
24
25
27
17
18
25
24
23
23
39
21
11
24
19
15
22
31
21
17
19
17
19
17
25
26
18
30
22
19
24
29
22
38
26
23
29
25
26
36
14
30
21
21
8
33
21
24
23
21
23
17
28
20
27
13
24
29
24
21
27
25
20
19
21
11
16
35
13
13
26
18
28
18
26
25
25
18
23
7
35
21
29
21
19
18
18
19
32
23
19
26
17
22
30
34
24
28
26
10
33
20
23
18
17
23
24
14
30
30
17
25
28
27
24
24
16
18
22
17
26
9
39
19
20
28
31
25
17
22
33
26
12
27
26
23
21
16
15
17
23
23
20
11
20
10
15
19
22
17
34
31
37
24
26
28
28
21
17
24
17
13
16
9
14
8
24
19
12
13
18
26
24
23
10
12
20
20
13
28
30
19
11
19
27
25
28
22
25
10
13
12
15
27
24
22
13
22
23
21
5
12
13
17
35
24
15
28
25
28
11
25
30
28
29
28
19
19
27
21
16
32
16
11
24
21
18
12
16
25
18
28
29
13
21
28
23
32
25
23
27
20
14
24
19
19
32
20
27
30
16
27
20
11
20
31
20
19
30
22
23
18
20
25
29
20
35
30
25
11
20
17
22
22
24
13
26
23
22
26
16
16
13
20
15
31
18
18
18
31
17
20
19
27
9
22
29
30
24
17
18
22
27
17
20
24
21
15
25
15
15
19
21
24
30
24
24
17
14
20
26
17
25
34
23
23
16
23
28
24
19
22
13
27
18
23
28
25
13
23
22
37
15
20
36
16
30
23
21
13
31
24
27
26
27
21
20
20
15
27
20
24
22
25
25
18
18
21
26
8
29
31
26
22
10
13
30
19
34
16
34
26
23
12
34
27
29
15
18
18
14
27
16
16
20
18
24
20
28
26
31
11
23
26
17
18
17
29
25
18
25
19
25
34
11
14
27
14
16
19
19
26
21
25
32
17
18
27
27
10
29
13
24
27
24
20
22
12
8
15
26
18
25
22
20
19
25
23
20
31
24
11
16
26
32
27
20
9
24
15
28
20
29
34
29
7
11
32
13
28
20
27
18
25
20
17
16
31
25
24
23
27
16
34
32
21
26
22
26
8
26
14
27
32
25
11
29
35
16
19
24
19
11
22
22
23
23
8
14
30
27
17
31
22
16
13
20
23
32
27
16
19
21
21
25
23
15
24
28
28
21
12
28
33
28
25
17
26
36
22
9
33
23
15
18
7
30
29
16
20
19
20
29
21
22
22
35
22
36
29
20
22
25
22
27
17
13
19
23
23
25
25
11
22
25
20
24
24
15
33
13
22
32
24
33
23
24
22
12
35
22
23
25
26
27
29
21
23
34
20
27
24
15
15
30
19
19
11
30
10
30
13
32
20
12
25
20
19
17
22
21
22
13
27
39
10
23
23
21
16
21
27
32
17
15
20
12
37
27
19
31
28
21
29
24
37
24
22
28
20
20
14
20
22
33
15
13
30
22
27
13
33
22
28
18
32
12
19
20
19
22
21
20
12
19
23
24
30
26
10
19
29
24
23
22
32
33
28
13
14
22
13
15
24
11
22
28
30
27
19
25
17
14
25
29
14
32
17
22
26
18
26
16
28
32
18
12
20
20
14
27
28
30
22
20
17
12
28
22
19
15
8
24
21
33
32
31
15
16
16
29
18
22
24
22
24
25
23
19
25
20
28
19
17
27
26
30
20
14
23
26
15
6
36
23
15
17
32
13
30
28
26
24
18
17
16
28
18
34
10
13
10
13
16
22
23
33
31
14
32
14
25
40
31
18
13
8
20
20
31
20
24
11
36
29
26
17
14
28
19
28
30
20
26
23
27
7
28
22
36
31
16
23
20
24
20
29
19
23
20
31
19
30
32
16
32
25
9
21
16
27
19
23
14
18
16
24
19
24
23
28
19
26
28
31
24
11
21
21
24
28
24
20
14
26
16
25
22
19
23
17
25
29
23
25
28
36
27
6
14
13
17
21
27
26
11
19
23
22
25
20
22
13
23
16
19
17
28
28
32
27
23
29
12
22
15
12
12
33
29
37
16
29
19
15
16
15
18
22
19
33
28
18
23
20
23
18
16
23
28
28
18
20
30
21
25
27
26
21
29
13
22
21
21
35
20
13
25
29
15
25
